C51 COMPILER V9.00   TOUCH_KEY                                                             08/07/2022 15:45:35 PAGE 1   


C51 COMPILER V9.00, COMPILATION OF MODULE TOUCH_KEY
OBJECT MODULE PLACED IN .\obj\Touch_Key.obj
COMPILER INVOKED BY: E:\keil4\C51\BIN\C51.EXE Touch_Key\Touch_Key.C LARGE OPTIMIZE(0,SPEED) BROWSE DEBUG OBJECTEXTEND PR
                    -INT(.\list\Touch_Key.lst) OBJECT(.\obj\Touch_Key.obj)

line level    source

   1          
   2          /********************************** (C) COPYRIGHT *******************************
   3          * File Name          : Touch_Key.C
   4          * Author             : WCH
   5          * Version            : V1.0
   6          * Date               : 2017/01/20
   7          * Description        : CH554 触摸按键采样间隔设置、通道选择和切换和中断处理函数   
   8          *******************************************************************************/
   9          
  10          #include "..\Public\CH554.H"                                                       
  11          #include "..\Public\DEBUG.H"
  12          #include "Touch_Key.H"
  13          #include "stdio.h"
  14          
  15          #pragma  NOAREGS
  16          
  17          /*******************************************************************************
  18          * Function Name  : TouchKeyQueryCylSet1Or2ms(UINT8 cyl)
  19          * Description    : 触摸按键查询周期设置
  20          * Input          : UINT8 cyl 时钟设置                                                                           
  21                             1   2ms
  22                             0   1ms                                                                       
  23          * Output         : None
  24          * Return         : None
  25          *******************************************************************************/
  26          void TouchKeyQueryCylSet1Or2ms(UINT8 cyl)
  27          {
  28   1        if(cyl)
  29   1        {
  30   2          TKEY_CTRL |= bTKC_2MS;
  31   2        }
  32   1        else
  33   1        {
  34   2          TKEY_CTRL &= ~bTKC_2MS;
  35   2        }
  36   1      }
  37          
  38          /*******************************************************************************
  39          * Function Name  : TouchKeyChanelSelect(UINT8 ch)
  40          * Description    : 触摸按键通道选择
  41          * Input          : UINT8 ch 采用通道
  42          * Output         : None
  43          * Return         : 成功 SUCCESS
  44                             失败 FAIL
  45          *******************************************************************************/
  46          UINT8 TouchKeyChanelSelect(UINT8 ch)
  47          {
  48   1          TKEY_CTRL &= 0xF8;
  49   1          if(ch == 0){;}                                                            //关闭电容检测，仅作1ms或者2
             -ms定时中断
  50   1          else if(ch == 1){P1_DIR_PU &= 0xFE; TKEY_CTRL |= 0x01;}                   //TIN0(P10)
  51   1          else if(ch == 2){P1_DIR_PU &= 0xFD; TKEY_CTRL |= 0x02;}                   //TIN0(P11)
  52   1          else if(ch == 3){P1_DIR_PU &= 0xEF; TKEY_CTRL |= 0x03;}                   //TIN0(P14)
  53   1          else if(ch == 4){P1_DIR_PU &= 0xDF; TKEY_CTRL |= 0x04;}                   //TIN0(P15)
C51 COMPILER V9.00   TOUCH_KEY                                                             08/07/2022 15:45:35 PAGE 2   

  54   1          else if(ch == 5){P1_DIR_PU &= 0xBF; TKEY_CTRL |= 0x05;}                   //TIN0(P16)
  55   1          else if(ch == 6){P1_DIR_PU &= 0x7F; TKEY_CTRL |= 0x06;}                   //TIN0(P17)
  56   1          else if(ch == 7){TKEY_CTRL |= 0x07;}                                      //开启电容检测，但是不连接通
             -道
  57   1          else return FAIL;
  58   1      
  59   1          return SUCCESS;
  60   1      }


MODULE INFORMATION:   STATIC OVERLAYABLE
   CODE SIZE        =    159    ----
   CONSTANT SIZE    =   ----    ----
   XDATA SIZE       =      2    ----
   PDATA SIZE       =   ----    ----
   DATA SIZE        =   ----    ----
   IDATA SIZE       =   ----    ----
   BIT SIZE         =   ----    ----
END OF MODULE INFORMATION.


C51 COMPILATION COMPLETE.  0 WARNING(S),  0 ERROR(S)
